<?xml version="1.0" encoding="UTF-8"?>
<!-- Generated by org.testng.reporters.JUnitXMLReporter -->
<testsuite hostname="FTKRL1755" name="Command line test" tests="11" failures="0" timestamp="3 Feb 2017 14:06:18 GMT" time="111.653" errors="0">
  <testcase name="inputAlert" time="0.408" classname="testsAlert.AlertTest"/>
  <testcase name="simpleAlert" time="0.268" classname="testsAlert.AlertTest"/>
  <testcase name="countTotalBoxes" time="0.131" classname="testsCount.CountElementsTest"/>
  <testcase name="countWidgetBoxes" time="0.023" classname="testsCount.CountElementsTest"/>
  <testcase name="checkIsPromtCorrect" time="0.374" classname="testsDropdown.DropdownTest"/>
  <testcase name="selectElementFromDropdownList" time="2.006" classname="testsDropdown.DropdownTest"/>
  <testcase name="loginFromDemoPageWithCorrectCredentials" time="3.826" classname="testsLogin.LoginTest"/>
  <testcase name="loginFromDemoPageWithIncorrectCredentials" time="5.885" classname="testsLogin.LoginTest"/>
  <testcase name="openDropdownSection" time="4.498" classname="testsBoxesClick.OpenDropdownTest"/>
  <testcase name="invalidRegistrationWithoutName" time="2.036" classname="testsRegistration.RegistrationTest"/>
  <testcase name="validRegistrationWithAllDataCorrect" time="1.884" classname="testsRegistration.RegistrationTest"/>
</testsuite> <!-- Command line test -->
